[0m13:24:47.309581 [debug] [MainThread]: Sending event: {'category': 'dbt', 'action': 'invocation', 'label': 'start', 'context': [<snowplow_tracker.self_describing_json.SelfDescribingJson object at 0x1073280a0>, <snowplow_tracker.self_describing_json.SelfDescribingJson object at 0x11040c100>, <snowplow_tracker.self_describing_json.SelfDescribingJson object at 0x11040cd30>]}


============================== 13:24:47.313574 | a29b1d49-af36-4ed8-8a43-b1d970e1643d ==============================
[0m13:24:47.313574 [info ] [MainThread]: Running with dbt=1.9.3
[0m13:24:47.314107 [debug] [MainThread]: running dbt with arguments {'printer_width': '80', 'indirect_selection': 'eager', 'log_cache_events': 'False', 'write_json': 'True', 'partial_parse': 'True', 'cache_selected_only': 'False', 'profiles_dir': '/Users/eduardo.najibe/.dbt', 'debug': 'False', 'warn_error': 'None', 'log_path': 'logs', 'fail_fast': 'False', 'version_check': 'True', 'use_colors': 'True', 'use_experimental_parser': 'False', 'no_print': 'None', 'quiet': 'False', 'empty': 'None', 'warn_error_options': 'WarnErrorOptions(include=[], exclude=[])', 'invocation_command': 'dbt init', 'log_format': 'default', 'static_parser': 'True', 'target_path': 'None', 'introspect': 'True', 'send_anonymous_usage_stats': 'True'}
[0m13:25:01.955295 [debug] [MainThread]: Starter project path: /Users/eduardo.najibe/Documents/personal_project/venv/lib/python3.9/site-packages/dbt/include/starter_project
[0m13:25:01.978437 [info ] [MainThread]: 
Your new dbt project "dbt_upstart" was created!

For more information on how to configure the profiles.yml file,
please consult the dbt documentation here:

  https://docs.getdbt.com/docs/configure-your-profile

One more thing:

Need help? Don't hesitate to reach out to us via GitHub issues or on Slack:

  https://community.getdbt.com/

Happy modeling!

[0m13:25:01.979803 [info ] [MainThread]: Setting up your profile.
[0m13:27:53.670244 [info ] [MainThread]: Profile dbt_upstart written to /Users/eduardo.najibe/.dbt/profiles.yml using target's profile_template.yml and your supplied values. Run 'dbt debug' to validate the connection.
[0m13:27:53.679272 [debug] [MainThread]: Resource report: {"command_name": "init", "command_success": true, "command_wall_clock_time": 186.47076, "process_in_blocks": "0", "process_kernel_time": 0.578391, "process_mem_max_rss": "176209920", "process_out_blocks": "0", "process_user_time": 1.563471}
[0m13:27:53.680599 [debug] [MainThread]: Command `dbt init` succeeded at 13:27:53.680343 after 186.47 seconds
[0m13:27:53.681688 [debug] [MainThread]: Sending event: {'category': 'dbt', 'action': 'invocation', 'label': 'end', 'context': [<snowplow_tracker.self_describing_json.SelfDescribingJson object at 0x1073280a0>, <snowplow_tracker.self_describing_json.SelfDescribingJson object at 0x110461fd0>, <snowplow_tracker.self_describing_json.SelfDescribingJson object at 0x1102f3af0>]}
[0m13:27:53.682668 [debug] [MainThread]: Flushing usage events
[0m13:27:54.503001 [debug] [MainThread]: An error was encountered while trying to flush usage events
[0m13:29:57.689162 [debug] [MainThread]: Sending event: {'category': 'dbt', 'action': 'invocation', 'label': 'start', 'context': [<snowplow_tracker.self_describing_json.SelfDescribingJson object at 0x10308deb0>, <snowplow_tracker.self_describing_json.SelfDescribingJson object at 0x103f36100>, <snowplow_tracker.self_describing_json.SelfDescribingJson object at 0x103f36430>]}


============================== 13:29:57.693471 | 1092dda9-52a0-4414-b029-8e69167712d1 ==============================
[0m13:29:57.693471 [info ] [MainThread]: Running with dbt=1.9.3
[0m13:29:57.693947 [debug] [MainThread]: running dbt with arguments {'printer_width': '80', 'indirect_selection': 'eager', 'log_cache_events': 'False', 'write_json': 'True', 'partial_parse': 'True', 'cache_selected_only': 'False', 'profiles_dir': '/Users/eduardo.najibe/.dbt', 'fail_fast': 'False', 'warn_error': 'None', 'log_path': 'logs', 'debug': 'False', 'version_check': 'True', 'use_colors': 'True', 'use_experimental_parser': 'False', 'empty': 'None', 'quiet': 'False', 'no_print': 'None', 'log_format': 'default', 'static_parser': 'True', 'warn_error_options': 'WarnErrorOptions(include=[], exclude=[])', 'introspect': 'True', 'target_path': 'None', 'invocation_command': 'dbt debug', 'send_anonymous_usage_stats': 'True'}
[0m13:29:57.707874 [info ] [MainThread]: dbt version: 1.9.3
[0m13:29:57.708176 [info ] [MainThread]: python version: 3.9.6
[0m13:29:57.708376 [info ] [MainThread]: python path: /Users/eduardo.najibe/Documents/personal_project/venv/bin/python3
[0m13:29:57.708570 [info ] [MainThread]: os info: macOS-15.2-arm64-arm-64bit
[0m13:29:58.690656 [info ] [MainThread]: Using profiles dir at /Users/eduardo.najibe/.dbt
[0m13:29:58.690982 [info ] [MainThread]: Using profiles.yml file at /Users/eduardo.najibe/.dbt/profiles.yml
[0m13:29:58.691175 [info ] [MainThread]: Using dbt_project.yml file at /Users/eduardo.najibe/Documents/personal_project/dbt/dbt_project.yml
[0m13:29:58.691396 [error] [MainThread]: Encountered an error:
Internal Error
  Profile should not be None if loading profile completed
[0m13:29:58.693011 [debug] [MainThread]: Resource report: {"command_name": "debug", "command_success": false, "command_wall_clock_time": 1.0979751, "process_in_blocks": "0", "process_kernel_time": 0.327351, "process_mem_max_rss": "187678720", "process_out_blocks": "0", "process_user_time": 1.214037}
[0m13:29:58.693244 [debug] [MainThread]: Command `dbt debug` failed at 13:29:58.693197 after 1.10 seconds
[0m13:29:58.693445 [debug] [MainThread]: Sending event: {'category': 'dbt', 'action': 'invocation', 'label': 'end', 'context': [<snowplow_tracker.self_describing_json.SelfDescribingJson object at 0x10308deb0>, <snowplow_tracker.self_describing_json.SelfDescribingJson object at 0x103fd0cd0>, <snowplow_tracker.self_describing_json.SelfDescribingJson object at 0x103ef6cd0>]}
[0m13:29:58.693658 [debug] [MainThread]: Flushing usage events
[0m13:29:59.463443 [debug] [MainThread]: An error was encountered while trying to flush usage events
